<?xml version="1.0" encoding="UTF-8"?>
<!-- Generated by org.testng.reporters.JUnitReportReporter -->
<testsuite hostname="GH-22FJH92" name="com.hreddy.test.Test99GuruLoginWithPageFactory" tests="1" failures="0" timestamp="5 Mar 2017 13:23:38 GMT" time="1.981" errors="0">
  <testcase name="test_Home_Page_Appear_Correct" time="1.981" classname="com.hreddy.test.Test99GuruLoginWithPageFactory"/>
</testsuite> <!-- com.hreddy.test.Test99GuruLoginWithPageFactory -->
